Using pre-set license
Built from '2020.2/release' branch; Version is '2020.2.4f1 (becced5a802b) revision 12504301'; Using compiler version '192528614'; Build Type 'Release'
OS: 'Windows 10 Home; OS build 19043.1586; Version 2009; 64bit' Language: 'ko' Physical Memory: 16333 MB
BatchMode: 1, IsHumanControllingUs: 0, StartBugReporterOnCrash: 0, Is64bit: 1, IsPro: 0

 COMMAND LINE ARGUMENTS:
C:\Program Files\Unity\Hub\Editor\2020.2.4f1\Editor\Unity.exe
-adb2
-batchMode
-noUpm
-name
AssetImportWorker0
-projectPath
D:/U.Project/GitHub/Game_cloning/QuarterView3DAction_cloning
-logFile
Logs/AssetImportWorker0.log
-srvPort
13270
Successfully changed project path to: D:/U.Project/GitHub/Game_cloning/QuarterView3DAction_cloning
D:/U.Project/GitHub/Game_cloning/QuarterView3DAction_cloning
Using Asset Import Pipeline V2.
Refreshing native plugins compatible for Editor in 23.43 ms, found 0 plugins.
Preloading 0 native plugins for Editor in 0.00 ms.
Initialize engine version: 2020.2.4f1 (becced5a802b)
[Subsystems] Discovering subsystems at path C:/Program Files/Unity/Hub/Editor/2020.2.4f1/Editor/Data/Resources/UnitySubsystems
[Subsystems] Discovering subsystems at path D:/U.Project/GitHub/Game_cloning/QuarterView3DAction_cloning/Assets
GfxDevice: creating device client; threaded=0
Direct3D:
    Version:  Direct3D 11.0 [level 11.1]
    Renderer: NVIDIA GeForce GTX 1660 Ti (ID=0x2182)
    Vendor:   
    VRAM:     5991 MB
    Driver:   30.0.14.9709
Initialize mono
Mono path[0] = 'C:/Program Files/Unity/Hub/Editor/2020.2.4f1/Editor/Data/Managed'
Mono path[1] = 'C:/Program Files/Unity/Hub/Editor/2020.2.4f1/Editor/Data/MonoBleedingEdge/lib/mono/unityjit'
Mono config path = 'C:/Program Files/Unity/Hub/Editor/2020.2.4f1/Editor/Data/MonoBleedingEdge/etc'
Using monoOptions --debugger-agent=transport=dt_socket,embedding=1,server=y,suspend=n,address=127.0.0.1:56820
Begin MonoManager ReloadAssembly
Registering precompiled unity dll's ...
Register platform support module: C:/Program Files/Unity/Hub/Editor/2020.2.4f1/Editor/Data/PlaybackEngines/WindowsStandaloneSupport/UnityEditor.WindowsStandalone.Extensions.dll
Registered in 0.107130 seconds.
Native extension for WindowsStandalone target not found
Refreshing native plugins compatible for Editor in 23.25 ms, found 0 plugins.
Preloading 0 native plugins for Editor in 0.00 ms.
Invoked RoslynAnalysisRunner static constructor.
RoslynAnalysisRunner will not be running.
RoslynAnalysisRunner has terminated.
Mono: successfully reloaded assembly
- Completed reload, in  5.158 seconds
Platform modules already initialized, skipping
Registering precompiled user dll's ...
Registered in 0.039983 seconds.
Begin MonoManager ReloadAssembly
Native extension for WindowsStandalone target not found
Refreshing native plugins compatible for Editor in 0.27 ms, found 0 plugins.
Preloading 0 native plugins for Editor in 0.00 ms.
Invoked RoslynAnalysisRunner static constructor.
RoslynAnalysisRunner will not be running.
RoslynAnalysisRunner has terminated.
Mono: successfully reloaded assembly
- Completed reload, in  0.802 seconds
Platform modules already initialized, skipping
========================================================================
Worker process is ready to serve import requests
Launched and connected shader compiler UnityShaderCompiler.exe after 0.10 seconds
Refreshing native plugins compatible for Editor in 0.42 ms, found 0 plugins.
Preloading 0 native plugins for Editor in 0.00 ms.
Unloading 1155 Unused Serialized files (Serialized files now loaded: 0)
System memory in use before: 61.1 MB.
System memory in use after: 61.1 MB.

Unloading 10 unused Assets to reduce memory usage. Loaded Objects now: 1598.
Total: 2.033400 ms (FindLiveObjects: 0.166300 ms CreateObjectMapping: 0.028100 ms MarkObjects: 1.759400 ms  DeleteObjects: 0.078600 ms)

========================================================================
Received Import Request.
  path: Assets/2Scripts/StartZone.cs
  artifactKey: Guid(6ccd6d652bc866c45959624bcaacfc90) Importer(815301076,1909f56bfc062723c751e8b465ee728b)
Start importing Assets/2Scripts/StartZone.cs using Guid(6ccd6d652bc866c45959624bcaacfc90) Importer(815301076,1909f56bfc062723c751e8b465ee728b)  -> (artifact id: 'd823f922a62cf469bfe866396657ec5d') in 0.048334 seconds
  Import took 0.050362 seconds .

========================================================================
Received Prepare
Registering precompiled user dll's ...
Registered in 0.000639 seconds.
Begin MonoManager ReloadAssembly
Native extension for WindowsStandalone target not found
Refreshing native plugins compatible for Editor in 0.25 ms, found 0 plugins.
Preloading 0 native plugins for Editor in 0.00 ms.
Invoked RoslynAnalysisRunner static constructor.
RoslynAnalysisRunner will not be running.
RoslynAnalysisRunner has terminated.
Mono: successfully reloaded assembly
- Completed reload, in  0.696 seconds
Platform modules already initialized, skipping
Refreshing native plugins compatible for Editor in 0.24 ms, found 0 plugins.
Preloading 0 native plugins for Editor in 0.00 ms.
Unloading 1150 Unused Serialized files (Serialized files now loaded: 0)
System memory in use before: 61.0 MB.
System memory in use after: 61.1 MB.

Unloading 5 unused Assets to reduce memory usage. Loaded Objects now: 1600.
Total: 1.472100 ms (FindLiveObjects: 0.156300 ms CreateObjectMapping: 0.027100 ms MarkObjects: 1.239500 ms  DeleteObjects: 0.048100 ms)

========================================================================
Received Prepare
Registering precompiled user dll's ...
Registered in 0.000726 seconds.
Begin MonoManager ReloadAssembly
Native extension for WindowsStandalone target not found
Refreshing native plugins compatible for Editor in 0.24 ms, found 0 plugins.
Preloading 0 native plugins for Editor in 0.00 ms.
Invoked RoslynAnalysisRunner static constructor.
RoslynAnalysisRunner will not be running.
RoslynAnalysisRunner has terminated.
Mono: successfully reloaded assembly
- Completed reload, in  0.688 seconds
Platform modules already initialized, skipping
Refreshing native plugins compatible for Editor in 0.25 ms, found 0 plugins.
Preloading 0 native plugins for Editor in 0.00 ms.
Unloading 1150 Unused Serialized files (Serialized files now loaded: 0)
System memory in use before: 61.0 MB.
System memory in use after: 61.1 MB.

Unloading 5 unused Assets to reduce memory usage. Loaded Objects now: 1602.
Total: 1.498600 ms (FindLiveObjects: 0.156000 ms CreateObjectMapping: 0.029000 ms MarkObjects: 1.267800 ms  DeleteObjects: 0.044900 ms)

========================================================================
Received Prepare
Registering precompiled user dll's ...
Registered in 0.000635 seconds.
Begin MonoManager ReloadAssembly
Native extension for WindowsStandalone target not found
Refreshing native plugins compatible for Editor in 0.24 ms, found 0 plugins.
Preloading 0 native plugins for Editor in 0.00 ms.
Invoked RoslynAnalysisRunner static constructor.
RoslynAnalysisRunner will not be running.
RoslynAnalysisRunner has terminated.
Mono: successfully reloaded assembly
- Completed reload, in  0.697 seconds
Platform modules already initialized, skipping
Refreshing native plugins compatible for Editor in 0.43 ms, found 0 plugins.
Preloading 0 native plugins for Editor in 0.00 ms.
Unloading 1150 Unused Serialized files (Serialized files now loaded: 0)
System memory in use before: 61.1 MB.
System memory in use after: 61.1 MB.

Unloading 5 unused Assets to reduce memory usage. Loaded Objects now: 1604.
Total: 2.194300 ms (FindLiveObjects: 0.213400 ms CreateObjectMapping: 0.033500 ms MarkObjects: 1.874100 ms  DeleteObjects: 0.070900 ms)

========================================================================
Received Prepare
Registering precompiled user dll's ...
Registered in 0.000652 seconds.
Begin MonoManager ReloadAssembly
Native extension for WindowsStandalone target not found
Refreshing native plugins compatible for Editor in 0.24 ms, found 0 plugins.
Preloading 0 native plugins for Editor in 0.00 ms.
Invoked RoslynAnalysisRunner static constructor.
RoslynAnalysisRunner will not be running.
RoslynAnalysisRunner has terminated.
Mono: successfully reloaded assembly
- Completed reload, in  0.672 seconds
Platform modules already initialized, skipping
Refreshing native plugins compatible for Editor in 0.23 ms, found 0 plugins.
Preloading 0 native plugins for Editor in 0.00 ms.
Unloading 1150 Unused Serialized files (Serialized files now loaded: 0)
System memory in use before: 61.1 MB.
System memory in use after: 61.1 MB.

Unloading 5 unused Assets to reduce memory usage. Loaded Objects now: 1606.
Total: 1.437800 ms (FindLiveObjects: 0.146400 ms CreateObjectMapping: 0.029500 ms MarkObjects: 1.221200 ms  DeleteObjects: 0.039900 ms)

========================================================================
Received Prepare
Registering precompiled user dll's ...
Registered in 0.000655 seconds.
Begin MonoManager ReloadAssembly
Native extension for WindowsStandalone target not found
Refreshing native plugins compatible for Editor in 0.24 ms, found 0 plugins.
Preloading 0 native plugins for Editor in 0.00 ms.
Invoked RoslynAnalysisRunner static constructor.
RoslynAnalysisRunner will not be running.
RoslynAnalysisRunner has terminated.
Mono: successfully reloaded assembly
- Completed reload, in  0.738 seconds
Platform modules already initialized, skipping
Refreshing native plugins compatible for Editor in 0.23 ms, found 0 plugins.
Preloading 0 native plugins for Editor in 0.00 ms.
Unloading 1150 Unused Serialized files (Serialized files now loaded: 0)
System memory in use before: 61.1 MB.
System memory in use after: 61.2 MB.

Unloading 5 unused Assets to reduce memory usage. Loaded Objects now: 1608.
Total: 1.887200 ms (FindLiveObjects: 0.247800 ms CreateObjectMapping: 0.040900 ms MarkObjects: 1.540200 ms  DeleteObjects: 0.057300 ms)

========================================================================
Received Prepare
Registering precompiled user dll's ...
Registered in 0.000634 seconds.
Begin MonoManager ReloadAssembly
Native extension for WindowsStandalone target not found
Refreshing native plugins compatible for Editor in 0.27 ms, found 0 plugins.
Preloading 0 native plugins for Editor in 0.00 ms.
Invoked RoslynAnalysisRunner static constructor.
RoslynAnalysisRunner will not be running.
RoslynAnalysisRunner has terminated.
Mono: successfully reloaded assembly
- Completed reload, in  0.720 seconds
Platform modules already initialized, skipping
Refreshing native plugins compatible for Editor in 0.26 ms, found 0 plugins.
Preloading 0 native plugins for Editor in 0.00 ms.
Unloading 1150 Unused Serialized files (Serialized files now loaded: 0)
System memory in use before: 61.1 MB.
System memory in use after: 61.2 MB.

Unloading 5 unused Assets to reduce memory usage. Loaded Objects now: 1610.
Total: 1.796500 ms (FindLiveObjects: 0.225200 ms CreateObjectMapping: 0.029000 ms MarkObjects: 1.488500 ms  DeleteObjects: 0.052800 ms)

========================================================================
Received Import Request.
  Time since last request: 530.807921 seconds.
  path: Assets/2Scripts/Enemy.cs
  artifactKey: Guid(0eb507b99dc25484eaa84d18bb634e7b) Importer(815301076,1909f56bfc062723c751e8b465ee728b)
Start importing Assets/2Scripts/Enemy.cs using Guid(0eb507b99dc25484eaa84d18bb634e7b) Importer(815301076,1909f56bfc062723c751e8b465ee728b)  -> (artifact id: 'b7d15b02c0cac5aadf2bb4fda844448b') in 0.007511 seconds
  Import took 0.009723 seconds .

========================================================================
Received Import Request.
  Time since last request: 0.019634 seconds.
  path: Assets/2Scripts/Enemy.cs
  artifactKey: Guid(0eb507b99dc25484eaa84d18bb634e7b) Importer(815301076,1909f56bfc062723c751e8b465ee728b)
Start importing Assets/2Scripts/Enemy.cs using Guid(0eb507b99dc25484eaa84d18bb634e7b) Importer(815301076,1909f56bfc062723c751e8b465ee728b)  -> (artifact id: 'b7d15b02c0cac5aadf2bb4fda844448b') in 0.002945 seconds
  Import took 0.005030 seconds .

========================================================================
Received Prepare
Registering precompiled user dll's ...
Registered in 0.000634 seconds.
Begin MonoManager ReloadAssembly
Native extension for WindowsStandalone target not found
Refreshing native plugins compatible for Editor in 0.25 ms, found 0 plugins.
Preloading 0 native plugins for Editor in 0.00 ms.
Invoked RoslynAnalysisRunner static constructor.
RoslynAnalysisRunner will not be running.
RoslynAnalysisRunner has terminated.
Mono: successfully reloaded assembly
- Completed reload, in  0.696 seconds
Platform modules already initialized, skipping
Refreshing native plugins compatible for Editor in 0.23 ms, found 0 plugins.
Preloading 0 native plugins for Editor in 0.00 ms.
Unloading 1150 Unused Serialized files (Serialized files now loaded: 0)
System memory in use before: 61.1 MB.
System memory in use after: 61.2 MB.

Unloading 5 unused Assets to reduce memory usage. Loaded Objects now: 1612.
Total: 1.817100 ms (FindLiveObjects: 0.162800 ms CreateObjectMapping: 0.032200 ms MarkObjects: 1.569900 ms  DeleteObjects: 0.051200 ms)

========================================================================
Received Import Request.
  Time since last request: 265.274062 seconds.
  path: Assets/2Scripts/Enemy.cs
  artifactKey: Guid(0eb507b99dc25484eaa84d18bb634e7b) Importer(815301076,1909f56bfc062723c751e8b465ee728b)
Start importing Assets/2Scripts/Enemy.cs using Guid(0eb507b99dc25484eaa84d18bb634e7b) Importer(815301076,1909f56bfc062723c751e8b465ee728b)  -> (artifact id: 'c0b58a820321bd6337e86a2d07819d83') in 0.003720 seconds
  Import took 0.005476 seconds .

========================================================================
Received Import Request.
  Time since last request: 123.445752 seconds.
  path: Assets/4Materials/Grenade.physicMaterial
  artifactKey: Guid(bd59d1d4fe6719b43a6798cf95e333bf) Importer(815301076,1909f56bfc062723c751e8b465ee728b)
Start importing Assets/4Materials/Grenade.physicMaterial using Guid(bd59d1d4fe6719b43a6798cf95e333bf) Importer(815301076,1909f56bfc062723c751e8b465ee728b)  -> (artifact id: '2393b8b1fb1c1bbedd999c736e2803fa') in 0.026926 seconds
  Import took 0.029093 seconds .

========================================================================
Received Import Request.
  Time since last request: 0.000240 seconds.
  path: Assets/4Materials/ShopTable.mat
  artifactKey: Guid(0fd3461f9e7b62b4ba1457b7006ab571) Importer(815301076,1909f56bfc062723c751e8b465ee728b)
Start importing Assets/4Materials/ShopTable.mat using Guid(0fd3461f9e7b62b4ba1457b7006ab571) Importer(815301076,1909f56bfc062723c751e8b465ee728b)  -> (artifact id: 'adb4952943e3977c4829f84f467a745d') in 0.098595 seconds
  Import took 0.100824 seconds .

========================================================================
Received Import Request.
  Time since last request: 0.000235 seconds.
  path: Assets/4Materials/Grenade.physicMaterial
  artifactKey: Guid(bd59d1d4fe6719b43a6798cf95e333bf) Importer(815301076,1909f56bfc062723c751e8b465ee728b)
Start importing Assets/4Materials/Grenade.physicMaterial using Guid(bd59d1d4fe6719b43a6798cf95e333bf) Importer(815301076,1909f56bfc062723c751e8b465ee728b)  -> (artifact id: '2393b8b1fb1c1bbedd999c736e2803fa') in 0.003092 seconds
  Import took 0.005186 seconds .

========================================================================
Received Import Request.
  Time since last request: 2.934310 seconds.
  path: Assets/1Prefabs/Bullet HandGun.prefab
  artifactKey: Guid(73d361b2a3d9d7346b9fa118ea9f39db) Importer(815301076,1909f56bfc062723c751e8b465ee728b)
Start importing Assets/1Prefabs/Bullet HandGun.prefab using Guid(73d361b2a3d9d7346b9fa118ea9f39db) Importer(815301076,1909f56bfc062723c751e8b465ee728b)  -> (artifact id: 'cd8f4c7b9b43a639c9ae34f44935fc6c') in 0.067505 seconds
  Import took 0.069892 seconds .

========================================================================
Received Import Request.
  Time since last request: 0.001995 seconds.
  path: Assets/1Prefabs/Bullet HandGun.prefab
  artifactKey: Guid(73d361b2a3d9d7346b9fa118ea9f39db) Importer(815301076,1909f56bfc062723c751e8b465ee728b)
Start importing Assets/1Prefabs/Bullet HandGun.prefab using Guid(73d361b2a3d9d7346b9fa118ea9f39db) Importer(815301076,1909f56bfc062723c751e8b465ee728b)  -> (artifact id: 'cd8f4c7b9b43a639c9ae34f44935fc6c') in 0.003356 seconds
  Import took 0.005624 seconds .

AssetImportWorkerClient::OnTransportError - code=2 error=End of file
