Using pre-set license
Built from '2020.2/release' branch; Version is '2020.2.4f1 (becced5a802b) revision 12504301'; Using compiler version '192528614'; Build Type 'Release'
OS: 'Windows 10 Home; OS build 19043.1526; Version 2009; 64bit' Language: 'ko' Physical Memory: 16333 MB
BatchMode: 1, IsHumanControllingUs: 0, StartBugReporterOnCrash: 0, Is64bit: 1, IsPro: 0

 COMMAND LINE ARGUMENTS:
C:\Program Files\Unity\Hub\Editor\2020.2.4f1\Editor\Unity.exe
-adb2
-batchMode
-noUpm
-name
AssetImportWorker0
-projectPath
D:/U.Project/GitHub/Game_cloning/Shooting2D_goldmetal_cloning
-logFile
Logs/AssetImportWorker0.log
-srvPort
11394
Successfully changed project path to: D:/U.Project/GitHub/Game_cloning/Shooting2D_goldmetal_cloning
D:/U.Project/GitHub/Game_cloning/Shooting2D_goldmetal_cloning
Using Asset Import Pipeline V2.
Refreshing native plugins compatible for Editor in 30.82 ms, found 1 plugins.
Preloading 0 native plugins for Editor in 0.00 ms.
Initialize engine version: 2020.2.4f1 (becced5a802b)
[Subsystems] Discovering subsystems at path C:/Program Files/Unity/Hub/Editor/2020.2.4f1/Editor/Data/Resources/UnitySubsystems
[Subsystems] Discovering subsystems at path D:/U.Project/GitHub/Game_cloning/Shooting2D_goldmetal_cloning/Assets
GfxDevice: creating device client; threaded=0
Direct3D:
    Version:  Direct3D 11.0 [level 11.1]
    Renderer: NVIDIA GeForce GTX 1660 Ti (ID=0x2182)
    Vendor:   
    VRAM:     5991 MB
    Driver:   30.0.14.9709
Initialize mono
Mono path[0] = 'C:/Program Files/Unity/Hub/Editor/2020.2.4f1/Editor/Data/Managed'
Mono path[1] = 'C:/Program Files/Unity/Hub/Editor/2020.2.4f1/Editor/Data/MonoBleedingEdge/lib/mono/unityjit'
Mono config path = 'C:/Program Files/Unity/Hub/Editor/2020.2.4f1/Editor/Data/MonoBleedingEdge/etc'
Using monoOptions --debugger-agent=transport=dt_socket,embedding=1,server=y,suspend=n,address=127.0.0.1:56864
Begin MonoManager ReloadAssembly
Registering precompiled unity dll's ...
Register platform support module: C:/Program Files/Unity/Hub/Editor/2020.2.4f1/Editor/Data/PlaybackEngines/WindowsStandaloneSupport/UnityEditor.WindowsStandalone.Extensions.dll
Registered in 0.002884 seconds.
Native extension for WindowsStandalone target not found
Refreshing native plugins compatible for Editor in 33.01 ms, found 1 plugins.
Preloading 0 native plugins for Editor in 0.00 ms.
Invoked RoslynAnalysisRunner static constructor.
RoslynAnalysisRunner will not be running.
RoslynAnalysisRunner has terminated.
Mono: successfully reloaded assembly
- Completed reload, in  2.057 seconds
Platform modules already initialized, skipping
Registering precompiled user dll's ...
Registered in 0.000682 seconds.
Begin MonoManager ReloadAssembly
Native extension for WindowsStandalone target not found
Refreshing native plugins compatible for Editor in 31.26 ms, found 1 plugins.
Preloading 0 native plugins for Editor in 0.00 ms.
Invoked RoslynAnalysisRunner static constructor.
RoslynAnalysisRunner will not be running.
RoslynAnalysisRunner has terminated.
Mono: successfully reloaded assembly
- Completed reload, in  0.823 seconds
Platform modules already initialized, skipping
========================================================================
Worker process is ready to serve import requests
Launched and connected shader compiler UnityShaderCompiler.exe after 0.05 seconds
Refreshing native plugins compatible for Editor in 0.36 ms, found 1 plugins.
Preloading 0 native plugins for Editor in 0.00 ms.
Unloading 1799 Unused Serialized files (Serialized files now loaded: 0)
System memory in use before: 87.0 MB.
System memory in use after: 86.9 MB.

Unloading 24 unused Assets to reduce memory usage. Loaded Objects now: 2240.
Total: 2.107300 ms (FindLiveObjects: 0.220700 ms CreateObjectMapping: 0.045800 ms MarkObjects: 1.719000 ms  DeleteObjects: 0.120700 ms)

========================================================================
Received Import Request.
  path: Assets/Vertical 2D Shooting BE4/App Icon.png
  artifactKey: Guid(2f881f504ddde4446afae55fb6b5d6f8) Importer(815301076,1909f56bfc062723c751e8b465ee728b)
Start importing Assets/Vertical 2D Shooting BE4/App Icon.png using Guid(2f881f504ddde4446afae55fb6b5d6f8) Importer(815301076,1909f56bfc062723c751e8b465ee728b)  -> (artifact id: '0ecb2d6e906b216eabd0ee4b043b50b1') in 0.151400 seconds
  Import took 0.154249 seconds .

========================================================================
Received Import Request.
  Time since last request: 0.000227 seconds.
  path: Assets/Vertical 2D Shooting BE4
  artifactKey: Guid(e7937cd3e6cb1054ba01a7a206a9afb4) Importer(815301076,1909f56bfc062723c751e8b465ee728b)
Start importing Assets/Vertical 2D Shooting BE4 using Guid(e7937cd3e6cb1054ba01a7a206a9afb4) Importer(815301076,1909f56bfc062723c751e8b465ee728b)  -> (artifact id: 'b59fdf1a7b3ea3ffecf1ba94840df9a5') in 0.004645 seconds
  Import took 0.007228 seconds .

========================================================================
Received Import Request.
  Time since last request: 1.556094 seconds.
  path: Assets/Vertical 2D Shooting BE4/Sprites
  artifactKey: Guid(d1fb3afc6cd8a4248b60a02bf126467a) Importer(815301076,1909f56bfc062723c751e8b465ee728b)
Start importing Assets/Vertical 2D Shooting BE4/Sprites using Guid(d1fb3afc6cd8a4248b60a02bf126467a) Importer(815301076,1909f56bfc062723c751e8b465ee728b)  -> (artifact id: '642f2b99f719587b9dd1660993b1a5be') in 0.005332 seconds
  Import took 0.008248 seconds .

========================================================================
Received Import Request.
  Time since last request: 0.955933 seconds.
  path: Assets/Vertical 2D Shooting BE4/Sprites/Background Grid.png
  artifactKey: Guid(116f5946c869de149b064ad08c6b7e42) Importer(815301076,1909f56bfc062723c751e8b465ee728b)
Start importing Assets/Vertical 2D Shooting BE4/Sprites/Background Grid.png using Guid(116f5946c869de149b064ad08c6b7e42) Importer(815301076,1909f56bfc062723c751e8b465ee728b)  -> (artifact id: '9a1e88ce2f6f8b862a590856c7b3ff97') in 0.020176 seconds
  Import took 0.023633 seconds .

========================================================================
Received Import Request.
  Time since last request: 1.275489 seconds.
  path: Assets/Vertical 2D Shooting BE4/Sprites/Backgrounds.png
  artifactKey: Guid(b9889a1e8a548d844b46bee7287797f8) Importer(815301076,1909f56bfc062723c751e8b465ee728b)
Start importing Assets/Vertical 2D Shooting BE4/Sprites/Backgrounds.png using Guid(b9889a1e8a548d844b46bee7287797f8) Importer(815301076,1909f56bfc062723c751e8b465ee728b)  -> (artifact id: '4969ee56a3cfc2f4a83779f055f3646a') in 0.022164 seconds
  Import took 0.025197 seconds .

========================================================================
Received Import Request.
  Time since last request: 0.582099 seconds.
  path: Assets/Vertical 2D Shooting BE4/Sprites/Boom.png
  artifactKey: Guid(1b274654f1967224e892dc9c7c1f2625) Importer(815301076,1909f56bfc062723c751e8b465ee728b)
Start importing Assets/Vertical 2D Shooting BE4/Sprites/Boom.png using Guid(1b274654f1967224e892dc9c7c1f2625) Importer(815301076,1909f56bfc062723c751e8b465ee728b)  -> (artifact id: '16dd251c460f9bd12d43fcd5248919cd') in 0.024060 seconds
  Import took 0.026947 seconds .

========================================================================
Received Import Request.
  Time since last request: 0.368517 seconds.
  path: Assets/Vertical 2D Shooting BE4/Sprites/Bullets.png
  artifactKey: Guid(5547e92425a5b584ba72bba3566474f0) Importer(815301076,1909f56bfc062723c751e8b465ee728b)
Start importing Assets/Vertical 2D Shooting BE4/Sprites/Bullets.png using Guid(5547e92425a5b584ba72bba3566474f0) Importer(815301076,1909f56bfc062723c751e8b465ee728b)  -> (artifact id: '8ea8607c2627d1bb7af410c906fac0f2') in 0.030137 seconds
  Import took 0.033145 seconds .

========================================================================
Received Import Request.
  Time since last request: 0.904968 seconds.
  path: Assets/Vertical 2D Shooting BE4/Sprites/Enemies.png
  artifactKey: Guid(138040323294fd440a3a823e5d70ad01) Importer(815301076,1909f56bfc062723c751e8b465ee728b)
Start importing Assets/Vertical 2D Shooting BE4/Sprites/Enemies.png using Guid(138040323294fd440a3a823e5d70ad01) Importer(815301076,1909f56bfc062723c751e8b465ee728b)  -> (artifact id: '242622d5ba9cdda3e6b5cd07055ed393') in 0.037166 seconds
  Import took 0.040175 seconds .

========================================================================
Received Import Request.
  Time since last request: 0.702733 seconds.
  path: Assets/Vertical 2D Shooting BE4/Sprites/Explosion.png
  artifactKey: Guid(54eba9c24be4c474180c23dcccfd6630) Importer(815301076,1909f56bfc062723c751e8b465ee728b)
Start importing Assets/Vertical 2D Shooting BE4/Sprites/Explosion.png using Guid(54eba9c24be4c474180c23dcccfd6630) Importer(815301076,1909f56bfc062723c751e8b465ee728b)  -> (artifact id: 'ac9a6759daae880ca5d582ca9f3ade59') in 0.027148 seconds
  Import took 0.030093 seconds .

========================================================================
Received Import Request.
  Time since last request: 0.429539 seconds.
  path: Assets/Vertical 2D Shooting BE4/Sprites/Fade Black.png
  artifactKey: Guid(d66ea73d2b9d0a042817ebbe8a328b2a) Importer(815301076,1909f56bfc062723c751e8b465ee728b)
Start importing Assets/Vertical 2D Shooting BE4/Sprites/Fade Black.png using Guid(d66ea73d2b9d0a042817ebbe8a328b2a) Importer(815301076,1909f56bfc062723c751e8b465ee728b)  -> (artifact id: '6889fd78ff4b35cafcdd3990f8b033f0') in 0.009680 seconds
  Import took 0.012777 seconds .

========================================================================
Received Import Request.
  Time since last request: 0.745957 seconds.
  path: Assets/Vertical 2D Shooting BE4/Sprites/Player.png
  artifactKey: Guid(6520dda4a70dfbf40a55b7af39ecda4e) Importer(815301076,1909f56bfc062723c751e8b465ee728b)
Start importing Assets/Vertical 2D Shooting BE4/Sprites/Player.png using Guid(6520dda4a70dfbf40a55b7af39ecda4e) Importer(815301076,1909f56bfc062723c751e8b465ee728b)  -> (artifact id: '613c19b6ffb5c1e2744621903783660a') in 0.020591 seconds
  Import took 0.023707 seconds .

========================================================================
Received Import Request.
  Time since last request: 0.809878 seconds.
  path: Assets/Vertical 2D Shooting BE4/Sprites/Items.png
  artifactKey: Guid(606e3127513c6c74d852755e18a67337) Importer(815301076,1909f56bfc062723c751e8b465ee728b)
Start importing Assets/Vertical 2D Shooting BE4/Sprites/Items.png using Guid(606e3127513c6c74d852755e18a67337) Importer(815301076,1909f56bfc062723c751e8b465ee728b)  -> (artifact id: '4a23983d106e7f96067058682f7dd4d0') in 0.028801 seconds
  Import took 0.031839 seconds .

========================================================================
Received Import Request.
  Time since last request: 1.707975 seconds.
  path: Assets/Vertical 2D Shooting BE4/Sprites/User Interface.png
  artifactKey: Guid(6875e9ca69087ec4782ba183e2643e08) Importer(815301076,1909f56bfc062723c751e8b465ee728b)
Start importing Assets/Vertical 2D Shooting BE4/Sprites/User Interface.png using Guid(6875e9ca69087ec4782ba183e2643e08) Importer(815301076,1909f56bfc062723c751e8b465ee728b)  -> (artifact id: 'b80675e31a47052ba8e6d8127a6e4c8d') in 0.019143 seconds
  Import took 0.022124 seconds .

AssetImportWorkerClient::OnTransportError - code=2 error=End of file
